<?xml version="1.0" encoding="UTF-8"?>
<testsuite xmlns:xsi="http://www.w3.org/2001/XMLSchema-instance" xsi:noNamespaceSchemaLocation="https://maven.apache.org/surefire/maven-surefire-plugin/xsd/surefire-test-report.xsd" name="com.neodev.cupgift.model.OrderTests" time="0.009" tests="6" errors="0" skipped="0" failures="0">
  <properties/>
  <testcase name="OrderUserTest" classname="com.neodev.cupgift.model.OrderTests" time="0.001"/>
  <testcase name="OrderIdTest" classname="com.neodev.cupgift.model.OrderTests" time="0.001"/>
  <testcase name="OrderGiftTest" classname="com.neodev.cupgift.model.OrderTests" time="0"/>
  <testcase name="OrderThemeTest" classname="com.neodev.cupgift.model.OrderTests" time="0"/>
  <testcase name="orderToStringTest" classname="com.neodev.cupgift.model.OrderTests" time="0.003"/>
  <testcase name="OrderPriceTest" classname="com.neodev.cupgift.model.OrderTests" time="0.001"/>
</testsuite>