<?xml version="1.0" encoding="UTF-8"?>
<testsuite xmlns:xsi="http://www.w3.org/2001/XMLSchema-instance" xsi:noNamespaceSchemaLocation="https://maven.apache.org/surefire/maven-surefire-plugin/xsd/surefire-test-report.xsd" name="com.neodev.cupgift.model.ThemeTests" time="0.034" tests="5" errors="0" skipped="0" failures="0">
  <properties/>
  <testcase name="themeIdTest" classname="com.neodev.cupgift.model.ThemeTests" time="0"/>
  <testcase name="gifttoStringTest" classname="com.neodev.cupgift.model.ThemeTests" time="0.026"/>
  <testcase name="themeNameTest" classname="com.neodev.cupgift.model.ThemeTests" time="0.002"/>
  <testcase name="themePriceTest" classname="com.neodev.cupgift.model.ThemeTests" time="0.001"/>
  <testcase name="themeDetailsTest" classname="com.neodev.cupgift.model.ThemeTests" time="0.001"/>
</testsuite>